Build started 2015-03-23 22:27:53.
     1>Project "C:\Users\lxp19_000\OneDrive\文档\GitHub\Rolling-Ball\HW2\HW2\HW2.vcxproj" on node 2 (Build target(s)).
     1>ClCompile:
         C:\Program Files (x86)\Microsoft Visual Studio 12.0\VC\bin\CL.exe /c /ZI /nologo /W3 /WX- /sdl /Od /Oy- /D WIN32 /D _DEBUG /D _CONSOLE /D _LIB /D _UNICODE /D UNICODE /D _CRT_SECURE_NO_WARNINGS /Gm /EHsc /RTC1 /MDd /GS /fp:precise /Zc:wchar_t /Zc:forScope /Fo"Debug\\" /Fd"Debug\vc120.pdb" /Gd /TP /analyze- /errorReport:prompt "..\Rotate-Cube-New\rotate-cube-new.cpp"
         rotate-cube-new.cpp
     1>c:\users\lxp19_000\onedrive\文档\github\rolling-ball\hw2\rotate-cube-new\mat-yjc-new.h(703): warning C4566: character represented by universal-character-name '\u6587' cannot be represented in the current code page (1252)
     1>c:\users\lxp19_000\onedrive\文档\github\rolling-ball\hw2\rotate-cube-new\mat-yjc-new.h(703): warning C4566: character represented by universal-character-name '\u6863' cannot be represented in the current code page (1252)
     1>c:\users\lxp19_000\onedrive\文档\github\rolling-ball\hw2\rotate-cube-new\mat-yjc-new.h(981): warning C4566: character represented by universal-character-name '\u6587' cannot be represented in the current code page (1252)
     1>c:\users\lxp19_000\onedrive\文档\github\rolling-ball\hw2\rotate-cube-new\mat-yjc-new.h(981): warning C4566: character represented by universal-character-name '\u6863' cannot be represented in the current code page (1252)
     1>c:\users\lxp19_000\onedrive\文档\github\rolling-ball\hw2\rotate-cube-new\mat-yjc-new.h(988): warning C4566: character represented by universal-character-name '\u6587' cannot be represented in the current code page (1252)
     1>c:\users\lxp19_000\onedrive\文档\github\rolling-ball\hw2\rotate-cube-new\mat-yjc-new.h(988): warning C4566: character represented by universal-character-name '\u6863' cannot be represented in the current code page (1252)
     1>c:\users\lxp19_000\onedrive\文档\github\rolling-ball\hw2\rotate-cube-new\mat-yjc-new.h(995): warning C4566: character represented by universal-character-name '\u6587' cannot be represented in the current code page (1252)
     1>c:\users\lxp19_000\onedrive\文档\github\rolling-ball\hw2\rotate-cube-new\mat-yjc-new.h(995): warning C4566: character represented by universal-character-name '\u6863' cannot be represented in the current code page (1252)
     1>c:\users\lxp19_000\onedrive\文档\github\rolling-ball\hw2\rotate-cube-new\mat-yjc-new.h(1003): warning C4566: character represented by universal-character-name '\u6587' cannot be represented in the current code page (1252)
     1>c:\users\lxp19_000\onedrive\文档\github\rolling-ball\hw2\rotate-cube-new\mat-yjc-new.h(1003): warning C4566: character represented by universal-character-name '\u6863' cannot be represented in the current code page (1252)
     1>c:\users\lxp19_000\onedrive\文档\github\rolling-ball\hw2\rotate-cube-new\rotate-cube-new.cpp(573): warning C4156: deletion of an array expression without using the array form of 'delete'; array form substituted
     1>c:\users\lxp19_000\onedrive\文档\github\rolling-ball\hw2\rotate-cube-new\rotate-cube-new.cpp(573): warning C4154: deletion of an array expression; conversion to pointer supplied
       Link:
         C:\Program Files (x86)\Microsoft Visual Studio 12.0\VC\bin\link.exe /ERRORREPORT:PROMPT /OUT:"C:\Users\lxp19_000\OneDrive\文档\GitHub\Rolling-Ball\HW2\Debug\HW2.exe" /INCREMENTAL /NOLOGO glew32.lib kernel32.lib user32.lib gdi32.lib winspool.lib comdlg32.lib advapi32.lib shell32.lib ole32.lib oleaut32.lib uuid.lib odbc32.lib odbccp32.lib kernel32.lib user32.lib gdi32.lib winspool.lib comdlg32.lib advapi32.lib shell32.lib ole32.lib oleaut32.lib uuid.lib odbc32.lib odbccp32.lib /MANIFEST /MANIFESTUAC:"level='asInvoker' uiAccess='false'" /manifest:embed /DEBUG /PDB:"C:\Users\lxp19_000\OneDrive\文档\GitHub\Rolling-Ball\HW2\Debug\HW2.pdb" /SUBSYSTEM:CONSOLE /TLBID:1 /DYNAMICBASE /NXCOMPAT /IMPLIB:"C:\Users\lxp19_000\OneDrive\文档\GitHub\Rolling-Ball\HW2\Debug\HW2.lib" /MACHINE:X86 Debug\InitShader.obj
         "Debug\rotate-cube-new.obj"
         HW2.vcxproj -> C:\Users\lxp19_000\OneDrive\文档\GitHub\Rolling-Ball\HW2\Debug\HW2.exe
     1>Done Building Project "C:\Users\lxp19_000\OneDrive\文档\GitHub\Rolling-Ball\HW2\HW2\HW2.vcxproj" (Build target(s)).

Build succeeded.

Time Elapsed 00:00:00.70
