Build started 2015-04-30 21:11:54.
     1>Project "C:\Users\lxp19_000\OneDrive\文档\GitHub\Rolling-Ball\HW3\HW3\HW3.vcxproj" on node 2 (Build target(s)).
     1>ClCompile:
         C:\Program Files (x86)\Microsoft Visual Studio 12.0\VC\bin\CL.exe /c /ZI /nologo /W3 /WX- /sdl /Od /Oy- /D WIN32 /D _CRT_SECURE_NO_WARNINGS /D _DEBUG /D _CONSOLE /D _LIB /D _UNICODE /D UNICODE /Gm /EHsc /RTC1 /MDd /GS /fp:precise /Zc:wchar_t /Zc:forScope /Fo"Debug\\" /Fd"Debug\vc120.pdb" /Gd /TP /analyze- /errorReport:prompt Assignment3.cpp InitShader.cpp
         InitShader.cpp
     1>c:\users\lxp19_000\onedrive\文档\github\rolling-ball\hw3\hw3\mat-yjc-new.h(703): warning C4566: character represented by universal-character-name '\u6587' cannot be represented in the current code page (1252)
     1>c:\users\lxp19_000\onedrive\文档\github\rolling-ball\hw3\hw3\mat-yjc-new.h(703): warning C4566: character represented by universal-character-name '\u6863' cannot be represented in the current code page (1252)
     1>c:\users\lxp19_000\onedrive\文档\github\rolling-ball\hw3\hw3\mat-yjc-new.h(981): warning C4566: character represented by universal-character-name '\u6587' cannot be represented in the current code page (1252)
     1>c:\users\lxp19_000\onedrive\文档\github\rolling-ball\hw3\hw3\mat-yjc-new.h(981): warning C4566: character represented by universal-character-name '\u6863' cannot be represented in the current code page (1252)
     1>c:\users\lxp19_000\onedrive\文档\github\rolling-ball\hw3\hw3\mat-yjc-new.h(988): warning C4566: character represented by universal-character-name '\u6587' cannot be represented in the current code page (1252)
     1>c:\users\lxp19_000\onedrive\文档\github\rolling-ball\hw3\hw3\mat-yjc-new.h(988): warning C4566: character represented by universal-character-name '\u6863' cannot be represented in the current code page (1252)
     1>c:\users\lxp19_000\onedrive\文档\github\rolling-ball\hw3\hw3\mat-yjc-new.h(995): warning C4566: character represented by universal-character-name '\u6587' cannot be represented in the current code page (1252)
     1>c:\users\lxp19_000\onedrive\文档\github\rolling-ball\hw3\hw3\mat-yjc-new.h(995): warning C4566: character represented by universal-character-name '\u6863' cannot be represented in the current code page (1252)
     1>c:\users\lxp19_000\onedrive\文档\github\rolling-ball\hw3\hw3\mat-yjc-new.h(1003): warning C4566: character represented by universal-character-name '\u6587' cannot be represented in the current code page (1252)
     1>c:\users\lxp19_000\onedrive\文档\github\rolling-ball\hw3\hw3\mat-yjc-new.h(1003): warning C4566: character represented by universal-character-name '\u6863' cannot be represented in the current code page (1252)
         Assignment3.cpp
     1>c:\users\lxp19_000\onedrive\文档\github\rolling-ball\hw3\hw3\mat-yjc-new.h(703): warning C4566: character represented by universal-character-name '\u6587' cannot be represented in the current code page (1252)
     1>c:\users\lxp19_000\onedrive\文档\github\rolling-ball\hw3\hw3\mat-yjc-new.h(703): warning C4566: character represented by universal-character-name '\u6863' cannot be represented in the current code page (1252)
     1>c:\users\lxp19_000\onedrive\文档\github\rolling-ball\hw3\hw3\mat-yjc-new.h(981): warning C4566: character represented by universal-character-name '\u6587' cannot be represented in the current code page (1252)
     1>c:\users\lxp19_000\onedrive\文档\github\rolling-ball\hw3\hw3\mat-yjc-new.h(981): warning C4566: character represented by universal-character-name '\u6863' cannot be represented in the current code page (1252)
     1>c:\users\lxp19_000\onedrive\文档\github\rolling-ball\hw3\hw3\mat-yjc-new.h(988): warning C4566: character represented by universal-character-name '\u6587' cannot be represented in the current code page (1252)
     1>c:\users\lxp19_000\onedrive\文档\github\rolling-ball\hw3\hw3\mat-yjc-new.h(988): warning C4566: character represented by universal-character-name '\u6863' cannot be represented in the current code page (1252)
     1>c:\users\lxp19_000\onedrive\文档\github\rolling-ball\hw3\hw3\mat-yjc-new.h(995): warning C4566: character represented by universal-character-name '\u6587' cannot be represented in the current code page (1252)
     1>c:\users\lxp19_000\onedrive\文档\github\rolling-ball\hw3\hw3\mat-yjc-new.h(995): warning C4566: character represented by universal-character-name '\u6863' cannot be represented in the current code page (1252)
     1>c:\users\lxp19_000\onedrive\文档\github\rolling-ball\hw3\hw3\mat-yjc-new.h(1003): warning C4566: character represented by universal-character-name '\u6587' cannot be represented in the current code page (1252)
     1>c:\users\lxp19_000\onedrive\文档\github\rolling-ball\hw3\hw3\mat-yjc-new.h(1003): warning C4566: character represented by universal-character-name '\u6863' cannot be represented in the current code page (1252)
     1>c:\users\lxp19_000\onedrive\文档\github\rolling-ball\hw3\hw3\assignment3.cpp(39): warning C4005: 'M_PI' : macro redefinition
                 c:\users\lxp19_000\onedrive\文档\github\rolling-ball\hw3\hw3\angel-yjc.h(22) : see previous definition of 'M_PI'
         Generating Code...
       Link:
         C:\Program Files (x86)\Microsoft Visual Studio 12.0\VC\bin\link.exe /ERRORREPORT:PROMPT /OUT:"C:\Users\lxp19_000\OneDrive\文档\GitHub\Rolling-Ball\HW3\Debug\HW3.exe" /INCREMENTAL /NOLOGO glew32.lib kernel32.lib user32.lib gdi32.lib winspool.lib comdlg32.lib advapi32.lib shell32.lib ole32.lib oleaut32.lib uuid.lib odbc32.lib odbccp32.lib kernel32.lib user32.lib gdi32.lib winspool.lib comdlg32.lib advapi32.lib shell32.lib ole32.lib oleaut32.lib uuid.lib odbc32.lib odbccp32.lib /MANIFEST /MANIFESTUAC:"level='asInvoker' uiAccess='false'" /manifest:embed /DEBUG /PDB:"C:\Users\lxp19_000\OneDrive\文档\GitHub\Rolling-Ball\HW3\Debug\HW3.pdb" /SUBSYSTEM:CONSOLE /TLBID:1 /DYNAMICBASE /NXCOMPAT /IMPLIB:"C:\Users\lxp19_000\OneDrive\文档\GitHub\Rolling-Ball\HW3\Debug\HW3.lib" /MACHINE:X86 Debug\Assignment3.obj
         Debug\InitShader.obj
         LINK : C:\Users\lxp19_000\OneDrive\文档\GitHub\Rolling-Ball\HW3\Debug\HW3.exe not found or not built by the last incremental link; performing full link
         HW3.vcxproj -> C:\Users\lxp19_000\OneDrive\文档\GitHub\Rolling-Ball\HW3\Debug\HW3.exe
     1>Done Building Project "C:\Users\lxp19_000\OneDrive\文档\GitHub\Rolling-Ball\HW3\HW3\HW3.vcxproj" (Build target(s)).

Build succeeded.

Time Elapsed 00:00:01.84
