Build started 2015-05-13 15:12:41.
     1>Project "C:\Users\lxp19_000\OneDrive\文档\GitHub\Rolling-Ball\HW4\HW4\HW4.vcxproj" on node 2 (Build target(s)).
     1>ClCompile:
         C:\Program Files (x86)\Microsoft Visual Studio 12.0\VC\bin\CL.exe /c /ZI /nologo /W3 /WX- /sdl /Od /Oy- /D WIN32 /D _CRT_SECURE_NO_WARNINGS /D _DEBUG /D _CONSOLE /D _LIB /D _UNICODE /D UNICODE /Gm /EHsc /RTC1 /MDd /GS /fp:precise /Zc:wchar_t /Zc:forScope /Fo"Debug\\" /Fd"Debug\vc120.pdb" /Gd /TP /analyze- /errorReport:prompt Assignment4.cpp
         Assignment4.cpp
     1>c:\users\lxp19_000\onedrive\文档\github\rolling-ball\hw4\hw4\mat-yjc-new.h(704): warning C4566: character represented by universal-character-name '\u6587' cannot be represented in the current code page (1252)
     1>c:\users\lxp19_000\onedrive\文档\github\rolling-ball\hw4\hw4\mat-yjc-new.h(704): warning C4566: character represented by universal-character-name '\u6863' cannot be represented in the current code page (1252)
     1>c:\users\lxp19_000\onedrive\文档\github\rolling-ball\hw4\hw4\mat-yjc-new.h(982): warning C4566: character represented by universal-character-name '\u6587' cannot be represented in the current code page (1252)
     1>c:\users\lxp19_000\onedrive\文档\github\rolling-ball\hw4\hw4\mat-yjc-new.h(982): warning C4566: character represented by universal-character-name '\u6863' cannot be represented in the current code page (1252)
     1>c:\users\lxp19_000\onedrive\文档\github\rolling-ball\hw4\hw4\mat-yjc-new.h(989): warning C4566: character represented by universal-character-name '\u6587' cannot be represented in the current code page (1252)
     1>c:\users\lxp19_000\onedrive\文档\github\rolling-ball\hw4\hw4\mat-yjc-new.h(989): warning C4566: character represented by universal-character-name '\u6863' cannot be represented in the current code page (1252)
     1>c:\users\lxp19_000\onedrive\文档\github\rolling-ball\hw4\hw4\mat-yjc-new.h(996): warning C4566: character represented by universal-character-name '\u6587' cannot be represented in the current code page (1252)
     1>c:\users\lxp19_000\onedrive\文档\github\rolling-ball\hw4\hw4\mat-yjc-new.h(996): warning C4566: character represented by universal-character-name '\u6863' cannot be represented in the current code page (1252)
     1>c:\users\lxp19_000\onedrive\文档\github\rolling-ball\hw4\hw4\mat-yjc-new.h(1004): warning C4566: character represented by universal-character-name '\u6587' cannot be represented in the current code page (1252)
     1>c:\users\lxp19_000\onedrive\文档\github\rolling-ball\hw4\hw4\mat-yjc-new.h(1004): warning C4566: character represented by universal-character-name '\u6863' cannot be represented in the current code page (1252)
     1>c:\users\lxp19_000\onedrive\文档\github\rolling-ball\hw4\hw4\assignment4.cpp(39): warning C4005: 'M_PI' : macro redefinition
                 c:\users\lxp19_000\onedrive\文档\github\rolling-ball\hw4\hw4\angel-yjc.h(22) : see previous definition of 'M_PI'
       Link:
         C:\Program Files (x86)\Microsoft Visual Studio 12.0\VC\bin\link.exe /ERRORREPORT:PROMPT /OUT:"C:\Users\lxp19_000\OneDrive\文档\GitHub\Rolling-Ball\HW4\Debug\HW4.exe" /INCREMENTAL /NOLOGO kernel32.lib glew32.lib user32.lib gdi32.lib winspool.lib comdlg32.lib advapi32.lib shell32.lib ole32.lib oleaut32.lib uuid.lib odbc32.lib odbccp32.lib kernel32.lib user32.lib gdi32.lib winspool.lib comdlg32.lib advapi32.lib shell32.lib ole32.lib oleaut32.lib uuid.lib odbc32.lib odbccp32.lib /MANIFEST /MANIFESTUAC:"level='asInvoker' uiAccess='false'" /manifest:embed /DEBUG /PDB:"C:\Users\lxp19_000\OneDrive\文档\GitHub\Rolling-Ball\HW4\Debug\HW4.pdb" /SUBSYSTEM:CONSOLE /TLBID:1 /DYNAMICBASE /NXCOMPAT /IMPLIB:"C:\Users\lxp19_000\OneDrive\文档\GitHub\Rolling-Ball\HW4\Debug\HW4.lib" /MACHINE:X86 Debug\Assignment4.obj
         Debug\InitShader.obj
         HW4.vcxproj -> C:\Users\lxp19_000\OneDrive\文档\GitHub\Rolling-Ball\HW4\Debug\HW4.exe
     1>Done Building Project "C:\Users\lxp19_000\OneDrive\文档\GitHub\Rolling-Ball\HW4\HW4\HW4.vcxproj" (Build target(s)).

Build succeeded.

Time Elapsed 00:00:00.66
